# JRE version: Java(TM) SE Runtime Environment (8.0_66-b18) (build 1.8.0_66-b18)
# Java VM: Java HotSpot(TM) 64-Bit Server VM (25.66-b18 mixed mode windows-amd64 compressed oops)
Heap:
 PSYoungGen      total 89600K, used 6919K [0x00000000e0580000, 0x00000000e6a80000, 0x0000000100000000)
  eden space 80896K, 5% used [0x00000000e0580000,0x00000000e097d908,0x00000000e5480000)
  from space 8704K, 32% used [0x00000000e6200000,0x00000000e64c4420,0x00000000e6a80000)
  to   space 11264K, 0% used [0x00000000e5480000,0x00000000e5480000,0x00000000e5f80000)
 ParOldGen       total 47104K, used 9345K [0x00000000a1000000, 0x00000000a3e00000, 0x00000000e0580000)
  object space 47104K, 19% used [0x00000000a1000000,0x00000000a19206a0,0x00000000a3e00000)
 Metaspace       used 22204K, capacity 22522K, committed 22704K, reserved 1069056K
  class space    used 2667K, capacity 2763K, committed 2816K, reserved 1048576K
GC Heap History (10 events):
Event: 5.771 GC heap before
{Heap before GC invocations=5 (full 0):
 PSYoungGen      total 53248K, used 53243K [0x00000000e0580000, 0x00000000e3d80000, 0x0000000100000000)
  eden space 49152K, 100% used [0x00000000e0580000,0x00000000e3580000,0x00000000e3580000)
  from space 4096K, 99% used [0x00000000e3980000,0x00000000e3d7ee40,0x00000000e3d80000)
  to   space 4096K, 0% used [0x00000000e3580000,0x00000000e3580000,0x00000000e3980000)
 ParOldGen       total 65536K, used 4185K [0x00000000a1000000, 0x00000000a5000000, 0x00000000e0580000)
  object space 65536K, 6% used [0x00000000a1000000,0x00000000a14165e0,0x00000000a5000000)
 Metaspace       used 19466K, capacity 19556K, committed 19840K, reserved 1067008K
  class space    used 2358K, capacity 2380K, committed 2432K, reserved 1048576K
Event: 5.788 GC heap after
Heap after GC invocations=5 (full 0):
 PSYoungGen      total 53248K, used 4082K [0x00000000e0580000, 0x00000000e3d80000, 0x0000000100000000)
  eden space 49152K, 0% used [0x00000000e0580000,0x00000000e0580000,0x00000000e3580000)
  from space 4096K, 99% used [0x00000000e3580000,0x00000000e397c9a0,0x00000000e3980000)
  to   space 4096K, 0% used [0x00000000e3980000,0x00000000e3980000,0x00000000e3d80000)
 ParOldGen       total 65536K, used 10907K [0x00000000a1000000, 0x00000000a5000000, 0x00000000e0580000)
  object space 65536K, 16% used [0x00000000a1000000,0x00000000a1aa6ed0,0x00000000a5000000)
 Metaspace       used 19466K, capacity 19556K, committed 19840K, reserved 1067008K
  class space    used 2358K, capacity 2380K, committed 2432K, reserved 1048576K
}
Event: 5.951 GC heap before
{Heap before GC invocations=6 (full 0):
 PSYoungGen      total 53248K, used 10393K [0x00000000e0580000, 0x00000000e3d80000, 0x0000000100000000)
  eden space 49152K, 12% used [0x00000000e0580000,0x00000000e0ba9d40,0x00000000e3580000)
  from space 4096K, 99% used [0x00000000e3580000,0x00000000e397c9a0,0x00000000e3980000)
  to   space 4096K, 0% used [0x00000000e3980000,0x00000000e3980000,0x00000000e3d80000)
 ParOldGen       total 65536K, used 10907K [0x00000000a1000000, 0x00000000a5000000, 0x00000000e0580000)
  object space 65536K, 16% used [0x00000000a1000000,0x00000000a1aa6ed0,0x00000000a5000000)
 Metaspace       used 20906K, capacity 21114K, committed 21296K, reserved 1069056K
  class space    used 2522K, capacity 2623K, committed 2688K, reserved 1048576K
Event: 5.982 GC heap after
Heap after GC invocations=6 (full 0):
 PSYoungGen      total 53248K, used 4080K [0x00000000e0580000, 0x00000000e3d80000, 0x0000000100000000)
  eden space 49152K, 0% used [0x00000000e0580000,0x00000000e0580000,0x00000000e3580000)
  from space 4096K, 99% used [0x00000000e3980000,0x00000000e3d7c010,0x00000000e3d80000)
  to   space 4096K, 0% used [0x00000000e3580000,0x00000000e3580000,0x00000000e3980000)
 ParOldGen       total 65536K, used 11457K [0x00000000a1000000, 0x00000000a5000000, 0x00000000e0580000)
  object space 65536K, 17% used [0x00000000a1000000,0x00000000a1b30450,0x00000000a5000000)
 Metaspace       used 20906K, capacity 21114K, committed 21296K, reserved 1069056K
  class space    used 2522K, capacity 2623K, committed 2688K, reserved 1048576K
}
Event: 5.982 GC heap before
{Heap before GC invocations=7 (full 1):
 PSYoungGen      total 53248K, used 4080K [0x00000000e0580000, 0x00000000e3d80000, 0x0000000100000000)
  eden space 49152K, 0% used [0x00000000e0580000,0x00000000e0580000,0x00000000e3580000)
  from space 4096K, 99% used [0x00000000e3980000,0x00000000e3d7c010,0x00000000e3d80000)
  to   space 4096K, 0% used [0x00000000e3580000,0x00000000e3580000,0x00000000e3980000)
 ParOldGen       total 65536K, used 11457K [0x00000000a1000000, 0x00000000a5000000, 0x00000000e0580000)
  object space 65536K, 17% used [0x00000000a1000000,0x00000000a1b30450,0x00000000a5000000)
 Metaspace       used 20906K, capacity 21114K, committed 21296K, reserved 1069056K
  class space    used 2522K, capacity 2623K, committed 2688K, reserved 1048576K
Event: 6.103 GC heap after
Heap after GC invocations=7 (full 1):
 PSYoungGen      total 53248K, used 0K [0x00000000e0580000, 0x00000000e3d80000, 0x0000000100000000)
  eden space 49152K, 0% used [0x00000000e0580000,0x00000000e0580000,0x00000000e3580000)
  from space 4096K, 0% used [0x00000000e3980000,0x00000000e3980000,0x00000000e3d80000)
  to   space 4096K, 0% used [0x00000000e3580000,0x00000000e3580000,0x00000000e3980000)
 ParOldGen       total 47104K, used 9337K [0x00000000a1000000, 0x00000000a3e00000, 0x00000000e0580000)
  object space 47104K, 19% used [0x00000000a1000000,0x00000000a191e6a0,0x00000000a3e00000)
 Metaspace       used 20906K, capacity 21114K, committed 21296K, reserved 1069056K
  class space    used 2522K, capacity 2623K, committed 2688K, reserved 1048576K
}
Event: 7.182 GC heap before
{Heap before GC invocations=8 (full 1):
 PSYoungGen      total 53248K, used 49152K [0x00000000e0580000, 0x00000000e3d80000, 0x0000000100000000)
  eden space 49152K, 100% used [0x00000000e0580000,0x00000000e3580000,0x00000000e3580000)
  from space 4096K, 0% used [0x00000000e3980000,0x00000000e3980000,0x00000000e3d80000)
  to   space 4096K, 0% used [0x00000000e3580000,0x00000000e3580000,0x00000000e3980000)
 ParOldGen       total 47104K, used 9337K [0x00000000a1000000, 0x00000000a3e00000, 0x00000000e0580000)
  object space 47104K, 19% used [0x00000000a1000000,0x00000000a191e6a0,0x00000000a3e00000)
 Metaspace       used 21391K, capacity 21624K, committed 21808K, reserved 1069056K
  class space    used 2570K, capacity 2660K, committed 2688K, reserved 1048576K
Event: 7.190 GC heap after
Heap after GC invocations=8 (full 1):
 PSYoungGen      total 53248K, used 1874K [0x00000000e0580000, 0x00000000e6d00000, 0x0000000100000000)
  eden space 49152K, 0% used [0x00000000e0580000,0x00000000e0580000,0x00000000e3580000)
  from space 4096K, 45% used [0x00000000e3580000,0x00000000e37548f0,0x00000000e3980000)
  to   space 11264K, 0% used [0x00000000e6200000,0x00000000e6200000,0x00000000e6d00000)
 ParOldGen       total 47104K, used 9345K [0x00000000a1000000, 0x00000000a3e00000, 0x00000000e0580000)
  object space 47104K, 19% used [0x00000000a1000000,0x00000000a19206a0,0x00000000a3e00000)
 Metaspace       used 21391K, capacity 21624K, committed 21808K, reserved 1069056K
  class space    used 2570K, capacity 2660K, committed 2688K, reserved 1048576K
}
Event: 8.544 GC heap before
{Heap before GC invocations=9 (full 1):
 PSYoungGen      total 53248K, used 51026K [0x00000000e0580000, 0x00000000e6d00000, 0x0000000100000000)
  eden space 49152K, 100% used [0x00000000e0580000,0x00000000e3580000,0x00000000e3580000)
  from space 4096K, 45% used [0x00000000e3580000,0x00000000e37548f0,0x00000000e3980000)
  to   space 11264K, 0% used [0x00000000e6200000,0x00000000e6200000,0x00000000e6d00000)
 ParOldGen       total 47104K, used 9345K [0x00000000a1000000, 0x00000000a3e00000, 0x00000000e0580000)
  object space 47104K, 19% used [0x00000000a1000000,0x00000000a19206a0,0x00000000a3e00000)
 Metaspace       used 22144K, capacity 22426K, committed 22704K, reserved 1069056K
  class space    used 2657K, capacity 2731K, committed 2816K, reserved 1048576K
Event: 8.553 GC heap after
Heap after GC invocations=9 (full 1):
 PSYoungGen      total 89600K, used 2833K [0x00000000e0580000, 0x00000000e6a80000, 0x0000000100000000)
  eden space 80896K, 0% used [0x00000000e0580000,0x00000000e0580000,0x00000000e5480000)
  from space 8704K, 32% used [0x00000000e6200000,0x00000000e64c4420,0x00000000e6a80000)
  to   space 11264K, 0% used [0x00000000e5480000,0x00000000e5480000,0x00000000e5f80000)
 ParOldGen       total 47104K, used 9345K [0x00000000a1000000, 0x00000000a3e00000, 0x00000000e0580000)
  object space 47104K, 19% used [0x00000000a1000000,0x00000000a19206a0,0x00000000a3e00000)
 Metaspace       used 22144K, capacity 22426K, committed 22704K, reserved 1069056K
  class space    used 2657K, capacity 2731K, committed 2816K, reserved 1048576K
}

