# JRE version: Java(TM) SE Runtime Environment (8.0_66-b18) (build 1.8.0_66-b18)
# Java VM: Java HotSpot(TM) 64-Bit Server VM (25.66-b18 mixed mode windows-amd64 compressed oops)
Heap:
 PSYoungGen      total 108544K, used 49500K [0x00000000e0580000, 0x00000000e7b80000, 0x0000000100000000)
  eden space 98304K, 50% used [0x00000000e0580000,0x00000000e35d7020,0x00000000e6580000)
  from space 10240K, 0% used [0x00000000e7180000,0x00000000e7180000,0x00000000e7b80000)
  to   space 11264K, 0% used [0x00000000e6580000,0x00000000e6580000,0x00000000e7080000)
 ParOldGen       total 46080K, used 9519K [0x00000000a1000000, 0x00000000a3d00000, 0x00000000e0580000)
  object space 46080K, 20% used [0x00000000a1000000,0x00000000a194bfa8,0x00000000a3d00000)
 Metaspace       used 21564K, capacity 21816K, committed 22064K, reserved 1069056K
  class space    used 2586K, capacity 2660K, committed 2688K, reserved 1048576K
GC Heap History (10 events):
Event: 4.884 GC heap before
{Heap before GC invocations=3 (full 0):
 PSYoungGen      total 28672K, used 26779K [0x00000000e0580000, 0x00000000e3d80000, 0x0000000100000000)
  eden space 24576K, 100% used [0x00000000e0580000,0x00000000e1d80000,0x00000000e1d80000)
  from space 4096K, 53% used [0x00000000e2180000,0x00000000e23a6ca0,0x00000000e2580000)
  to   space 4096K, 0% used [0x00000000e1d80000,0x00000000e1d80000,0x00000000e2180000)
 ParOldGen       total 65536K, used 16K [0x00000000a1000000, 0x00000000a5000000, 0x00000000e0580000)
  object space 65536K, 0% used [0x00000000a1000000,0x00000000a1004000,0x00000000a5000000)
 Metaspace       used 9882K, capacity 10012K, committed 10112K, reserved 1058816K
  class space    used 1112K, capacity 1141K, committed 1152K, reserved 1048576K
Event: 4.888 GC heap after
Heap after GC invocations=3 (full 0):
 PSYoungGen      total 28672K, used 4081K [0x00000000e0580000, 0x00000000e3d80000, 0x0000000100000000)
  eden space 24576K, 0% used [0x00000000e0580000,0x00000000e0580000,0x00000000e1d80000)
  from space 4096K, 99% used [0x00000000e1d80000,0x00000000e217c580,0x00000000e2180000)
  to   space 4096K, 0% used [0x00000000e3980000,0x00000000e3980000,0x00000000e3d80000)
 ParOldGen       total 65536K, used 766K [0x00000000a1000000, 0x00000000a5000000, 0x00000000e0580000)
  object space 65536K, 1% used [0x00000000a1000000,0x00000000a10bf900,0x00000000a5000000)
 Metaspace       used 9882K, capacity 10012K, committed 10112K, reserved 1058816K
  class space    used 1112K, capacity 1141K, committed 1152K, reserved 1048576K
}
Event: 5.323 GC heap before
{Heap before GC invocations=4 (full 0):
 PSYoungGen      total 28672K, used 28657K [0x00000000e0580000, 0x00000000e3d80000, 0x0000000100000000)
  eden space 24576K, 100% used [0x00000000e0580000,0x00000000e1d80000,0x00000000e1d80000)
  from space 4096K, 99% used [0x00000000e1d80000,0x00000000e217c580,0x00000000e2180000)
  to   space 4096K, 0% used [0x00000000e3980000,0x00000000e3980000,0x00000000e3d80000)
 ParOldGen       total 65536K, used 766K [0x00000000a1000000, 0x00000000a5000000, 0x00000000e0580000)
  object space 65536K, 1% used [0x00000000a1000000,0x00000000a10bf900,0x00000000a5000000)
 Metaspace       used 12989K, capacity 13116K, committed 13184K, reserved 1060864K
  class space    used 1586K, capacity 1621K, committed 1664K, reserved 1048576K
Event: 5.330 GC heap after
Heap after GC invocations=4 (full 0):
 PSYoungGen      total 53248K, used 4067K [0x00000000e0580000, 0x00000000e3d80000, 0x0000000100000000)
  eden space 49152K, 0% used [0x00000000e0580000,0x00000000e0580000,0x00000000e3580000)
  from space 4096K, 99% used [0x00000000e3980000,0x00000000e3d78e40,0x00000000e3d80000)
  to   space 4096K, 0% used [0x00000000e3580000,0x00000000e3580000,0x00000000e3980000)
 ParOldGen       total 65536K, used 4257K [0x00000000a1000000, 0x00000000a5000000, 0x00000000e0580000)
  object space 65536K, 6% used [0x00000000a1000000,0x00000000a14286f0,0x00000000a5000000)
 Metaspace       used 12989K, capacity 13116K, committed 13184K, reserved 1060864K
  class space    used 1586K, capacity 1621K, committed 1664K, reserved 1048576K
}
Event: 6.683 GC heap before
{Heap before GC invocations=5 (full 0):
 PSYoungGen      total 53248K, used 53219K [0x00000000e0580000, 0x00000000e3d80000, 0x0000000100000000)
  eden space 49152K, 100% used [0x00000000e0580000,0x00000000e3580000,0x00000000e3580000)
  from space 4096K, 99% used [0x00000000e3980000,0x00000000e3d78e40,0x00000000e3d80000)
  to   space 4096K, 0% used [0x00000000e3580000,0x00000000e3580000,0x00000000e3980000)
 ParOldGen       total 65536K, used 4257K [0x00000000a1000000, 0x00000000a5000000, 0x00000000e0580000)
  object space 65536K, 6% used [0x00000000a1000000,0x00000000a14286f0,0x00000000a5000000)
 Metaspace       used 19505K, capacity 19652K, committed 19840K, reserved 1067008K
  class space    used 2358K, capacity 2412K, committed 2432K, reserved 1048576K
Event: 6.725 GC heap after
Heap after GC invocations=5 (full 0):
 PSYoungGen      total 53248K, used 4066K [0x00000000e0580000, 0x00000000e7d80000, 0x0000000100000000)
  eden space 49152K, 0% used [0x00000000e0580000,0x00000000e0580000,0x00000000e3580000)
  from space 4096K, 99% used [0x00000000e3580000,0x00000000e39789b0,0x00000000e3980000)
  to   space 12288K, 0% used [0x00000000e7180000,0x00000000e7180000,0x00000000e7d80000)
 ParOldGen       total 65536K, used 11146K [0x00000000a1000000, 0x00000000a5000000, 0x00000000e0580000)
  object space 65536K, 17% used [0x00000000a1000000,0x00000000a1ae28c8,0x00000000a5000000)
 Metaspace       used 19505K, capacity 19652K, committed 19840K, reserved 1067008K
  class space    used 2358K, capacity 2412K, committed 2432K, reserved 1048576K
}
Event: 7.096 GC heap before
{Heap before GC invocations=6 (full 0):
 PSYoungGen      total 53248K, used 17563K [0x00000000e0580000, 0x00000000e7d80000, 0x0000000100000000)
  eden space 49152K, 27% used [0x00000000e0580000,0x00000000e12ae560,0x00000000e3580000)
  from space 4096K, 99% used [0x00000000e3580000,0x00000000e39789b0,0x00000000e3980000)
  to   space 12288K, 0% used [0x00000000e7180000,0x00000000e7180000,0x00000000e7d80000)
 ParOldGen       total 65536K, used 11146K [0x00000000a1000000, 0x00000000a5000000, 0x00000000e0580000)
  object space 65536K, 17% used [0x00000000a1000000,0x00000000a1ae28c8,0x00000000a5000000)
 Metaspace       used 20912K, capacity 21102K, committed 21296K, reserved 1069056K
  class space    used 2520K, capacity 2617K, committed 2688K, reserved 1048576K
Event: 7.110 GC heap after
Heap after GC invocations=6 (full 0):
 PSYoungGen      total 108544K, used 4850K [0x00000000e0580000, 0x00000000e7b80000, 0x0000000100000000)
  eden space 98304K, 0% used [0x00000000e0580000,0x00000000e0580000,0x00000000e6580000)
  from space 10240K, 47% used [0x00000000e7180000,0x00000000e763c9c0,0x00000000e7b80000)
  to   space 11264K, 0% used [0x00000000e6580000,0x00000000e6580000,0x00000000e7080000)
 ParOldGen       total 65536K, used 11154K [0x00000000a1000000, 0x00000000a5000000, 0x00000000e0580000)
  object space 65536K, 17% used [0x00000000a1000000,0x00000000a1ae48c8,0x00000000a5000000)
 Metaspace       used 20912K, capacity 21102K, committed 21296K, reserved 1069056K
  class space    used 2520K, capacity 2617K, committed 2688K, reserved 1048576K
}
Event: 7.110 GC heap before
{Heap before GC invocations=7 (full 1):
 PSYoungGen      total 108544K, used 4850K [0x00000000e0580000, 0x00000000e7b80000, 0x0000000100000000)
  eden space 98304K, 0% used [0x00000000e0580000,0x00000000e0580000,0x00000000e6580000)
  from space 10240K, 47% used [0x00000000e7180000,0x00000000e763c9c0,0x00000000e7b80000)
  to   space 11264K, 0% used [0x00000000e6580000,0x00000000e6580000,0x00000000e7080000)
 ParOldGen       total 65536K, used 11154K [0x00000000a1000000, 0x00000000a5000000, 0x00000000e0580000)
  object space 65536K, 17% used [0x00000000a1000000,0x00000000a1ae48c8,0x00000000a5000000)
 Metaspace       used 20912K, capacity 21102K, committed 21296K, reserved 1069056K
  class space    used 2520K, capacity 2617K, committed 2688K, reserved 1048576K
Event: 7.183 GC heap after
Heap after GC invocations=7 (full 1):
 PSYoungGen      total 108544K, used 0K [0x00000000e0580000, 0x00000000e7b80000, 0x0000000100000000)
  eden space 98304K, 0% used [0x00000000e0580000,0x00000000e0580000,0x00000000e6580000)
  from space 10240K, 0% used [0x00000000e7180000,0x00000000e7180000,0x00000000e7b80000)
  to   space 11264K, 0% used [0x00000000e6580000,0x00000000e6580000,0x00000000e7080000)
 ParOldGen       total 46080K, used 9519K [0x00000000a1000000, 0x00000000a3d00000, 0x00000000e0580000)
  object space 46080K, 20% used [0x00000000a1000000,0x00000000a194bfa8,0x00000000a3d00000)
 Metaspace       used 20912K, capacity 21102K, committed 21296K, reserved 1069056K
  class space    used 2520K, capacity 2617K, committed 2688K, reserved 1048576K
}

