# JRE version: Java(TM) SE Runtime Environment (8.0_66-b18) (build 1.8.0_66-b18)
# Java VM: Java HotSpot(TM) 64-Bit Server VM (25.66-b18 mixed mode windows-amd64 compressed oops)
Heap:
 PSYoungGen      total 246272K, used 10012K [0x00000000e0580000, 0x00000000f0600000, 0x0000000100000000)
  eden space 235008K, 0% used [0x00000000e0580000,0x00000000e0580000,0x00000000eeb00000)
  from space 11264K, 88% used [0x00000000efb00000,0x00000000f04c71d0,0x00000000f0600000)
  to   space 13824K, 0% used [0x00000000eeb00000,0x00000000eeb00000,0x00000000ef880000)
 ParOldGen       total 53760K, used 16665K [0x00000000a1000000, 0x00000000a4480000, 0x00000000e0580000)
  object space 53760K, 30% used [0x00000000a1000000,0x00000000a2046508,0x00000000a4480000)
 Metaspace       used 34859K, capacity 35228K, committed 35456K, reserved 1081344K
  class space    used 4350K, capacity 4455K, committed 4480K, reserved 1048576K
GC Heap History (10 events):
Event: 8.359 GC heap after
Heap after GC invocations=6 (full 0):
 PSYoungGen      total 109056K, used 6320K [0x00000000e0580000, 0x00000000e7b80000, 0x0000000100000000)
  eden space 98304K, 0% used [0x00000000e0580000,0x00000000e0580000,0x00000000e6580000)
  from space 10752K, 58% used [0x00000000e7100000,0x00000000e772c020,0x00000000e7b80000)
  to   space 11264K, 0% used [0x00000000e6580000,0x00000000e6580000,0x00000000e7080000)
 ParOldGen       total 65536K, used 10849K [0x00000000a1000000, 0x00000000a5000000, 0x00000000e0580000)
  object space 65536K, 16% used [0x00000000a1000000,0x00000000a1a986c8,0x00000000a5000000)
 Metaspace       used 20868K, capacity 21114K, committed 21296K, reserved 1069056K
  class space    used 2525K, capacity 2617K, committed 2688K, reserved 1048576K
}
Event: 8.359 GC heap before
{Heap before GC invocations=7 (full 1):
 PSYoungGen      total 109056K, used 6320K [0x00000000e0580000, 0x00000000e7b80000, 0x0000000100000000)
  eden space 98304K, 0% used [0x00000000e0580000,0x00000000e0580000,0x00000000e6580000)
  from space 10752K, 58% used [0x00000000e7100000,0x00000000e772c020,0x00000000e7b80000)
  to   space 11264K, 0% used [0x00000000e6580000,0x00000000e6580000,0x00000000e7080000)
 ParOldGen       total 65536K, used 10849K [0x00000000a1000000, 0x00000000a5000000, 0x00000000e0580000)
  object space 65536K, 16% used [0x00000000a1000000,0x00000000a1a986c8,0x00000000a5000000)
 Metaspace       used 20868K, capacity 21114K, committed 21296K, reserved 1069056K
  class space    used 2525K, capacity 2617K, committed 2688K, reserved 1048576K
Event: 8.410 GC heap after
Heap after GC invocations=7 (full 1):
 PSYoungGen      total 109056K, used 0K [0x00000000e0580000, 0x00000000e7b80000, 0x0000000100000000)
  eden space 98304K, 0% used [0x00000000e0580000,0x00000000e0580000,0x00000000e6580000)
  from space 10752K, 0% used [0x00000000e7100000,0x00000000e7100000,0x00000000e7b80000)
  to   space 11264K, 0% used [0x00000000e6580000,0x00000000e6580000,0x00000000e7080000)
 ParOldGen       total 53760K, used 14325K [0x00000000a1000000, 0x00000000a4480000, 0x00000000e0580000)
  object space 53760K, 26% used [0x00000000a1000000,0x00000000a1dfd4c8,0x00000000a4480000)
 Metaspace       used 20868K, capacity 21114K, committed 21296K, reserved 1069056K
  class space    used 2525K, capacity 2617K, committed 2688K, reserved 1048576K
}
Event: 9.590 GC heap before
{Heap before GC invocations=8 (full 1):
 PSYoungGen      total 109056K, used 98304K [0x00000000e0580000, 0x00000000e7b80000, 0x0000000100000000)
  eden space 98304K, 100% used [0x00000000e0580000,0x00000000e6580000,0x00000000e6580000)
  from space 10752K, 0% used [0x00000000e7100000,0x00000000e7100000,0x00000000e7b80000)
  to   space 11264K, 0% used [0x00000000e6580000,0x00000000e6580000,0x00000000e7080000)
 ParOldGen       total 53760K, used 14325K [0x00000000a1000000, 0x00000000a4480000, 0x00000000e0580000)
  object space 53760K, 26% used [0x00000000a1000000,0x00000000a1dfd4c8,0x00000000a4480000)
 Metaspace       used 22232K, capacity 22494K, committed 22704K, reserved 1069056K
  class space    used 2696K, capacity 2795K, committed 2816K, reserved 1048576K
Event: 9.637 GC heap after
Heap after GC invocations=8 (full 1):
 PSYoungGen      total 109568K, used 3689K [0x00000000e0580000, 0x00000000ec400000, 0x0000000100000000)
  eden space 98304K, 0% used [0x00000000e0580000,0x00000000e0580000,0x00000000e6580000)
  from space 11264K, 32% used [0x00000000e6580000,0x00000000e691a560,0x00000000e7080000)
  to   space 11264K, 0% used [0x00000000eb900000,0x00000000eb900000,0x00000000ec400000)
 ParOldGen       total 53760K, used 14325K [0x00000000a1000000, 0x00000000a4480000, 0x00000000e0580000)
  object space 53760K, 26% used [0x00000000a1000000,0x00000000a1dfd4c8,0x00000000a4480000)
 Metaspace       used 22232K, capacity 22494K, committed 22704K, reserved 1069056K
  class space    used 2696K, capacity 2795K, committed 2816K, reserved 1048576K
}
Event: 11.454 GC heap before
{Heap before GC invocations=9 (full 1):
 PSYoungGen      total 109568K, used 101993K [0x00000000e0580000, 0x00000000ec400000, 0x0000000100000000)
  eden space 98304K, 100% used [0x00000000e0580000,0x00000000e6580000,0x00000000e6580000)
  from space 11264K, 32% used [0x00000000e6580000,0x00000000e691a560,0x00000000e7080000)
  to   space 11264K, 0% used [0x00000000eb900000,0x00000000eb900000,0x00000000ec400000)
 ParOldGen       total 53760K, used 14325K [0x00000000a1000000, 0x00000000a4480000, 0x00000000e0580000)
  object space 53760K, 26% used [0x00000000a1000000,0x00000000a1dfd4c8,0x00000000a4480000)
 Metaspace       used 24114K, capacity 24502K, committed 24704K, reserved 1071104K
  class space    used 2989K, capacity 3094K, committed 3200K, reserved 1048576K
Event: 11.464 GC heap after
Heap after GC invocations=9 (full 1):
 PSYoungGen      total 177152K, used 7883K [0x00000000e0580000, 0x00000000ec100000, 0x0000000100000000)
  eden space 168960K, 0% used [0x00000000e0580000,0x00000000e0580000,0x00000000eaa80000)
  from space 8192K, 96% used [0x00000000eb900000,0x00000000ec0b2f18,0x00000000ec100000)
  to   space 11264K, 0% used [0x00000000eab00000,0x00000000eab00000,0x00000000eb600000)
 ParOldGen       total 53760K, used 14333K [0x00000000a1000000, 0x00000000a4480000, 0x00000000e0580000)
  object space 53760K, 26% used [0x00000000a1000000,0x00000000a1dff4c8,0x00000000a4480000)
 Metaspace       used 24114K, capacity 24502K, committed 24704K, reserved 1071104K
  class space    used 2989K, capacity 3094K, committed 3200K, reserved 1048576K
}
Event: 14.455 GC heap before
{Heap before GC invocations=10 (full 1):
 PSYoungGen      total 177152K, used 176843K [0x00000000e0580000, 0x00000000ec100000, 0x0000000100000000)
  eden space 168960K, 100% used [0x00000000e0580000,0x00000000eaa80000,0x00000000eaa80000)
  from space 8192K, 96% used [0x00000000eb900000,0x00000000ec0b2f18,0x00000000ec100000)
  to   space 11264K, 0% used [0x00000000eab00000,0x00000000eab00000,0x00000000eb600000)
 ParOldGen       total 53760K, used 14333K [0x00000000a1000000, 0x00000000a4480000, 0x00000000e0580000)
  object space 53760K, 26% used [0x00000000a1000000,0x00000000a1dff4c8,0x00000000a4480000)
 Metaspace       used 30877K, capacity 31262K, committed 31616K, reserved 1077248K
  class space    used 3805K, capacity 3906K, committed 3968K, reserved 1048576K
Event: 14.473 GC heap after
Heap after GC invocations=10 (full 1):
 PSYoungGen      total 180736K, used 11256K [0x00000000e0580000, 0x00000000f0800000, 0x0000000100000000)
  eden space 169472K, 0% used [0x00000000e0580000,0x00000000e0580000,0x00000000eab00000)
  from space 11264K, 99% used [0x00000000eab00000,0x00000000eb5fe3c0,0x00000000eb600000)
  to   space 13312K, 0% used [0x00000000efb00000,0x00000000efb00000,0x00000000f0800000)
 ParOldGen       total 53760K, used 14398K [0x00000000a1000000, 0x00000000a4480000, 0x00000000e0580000)
  object space 53760K, 26% used [0x00000000a1000000,0x00000000a1e0f990,0x00000000a4480000)
 Metaspace       used 30877K, capacity 31262K, committed 31616K, reserved 1077248K
  class space    used 3805K, capacity 3906K, committed 3968K, reserved 1048576K
}
Event: 17.880 GC heap before
{Heap before GC invocations=11 (full 1):
 PSYoungGen      total 180736K, used 91287K [0x00000000e0580000, 0x00000000f0800000, 0x0000000100000000)
  eden space 169472K, 47% used [0x00000000e0580000,0x00000000e53a7948,0x00000000eab00000)
  from space 11264K, 99% used [0x00000000eab00000,0x00000000eb5fe3c0,0x00000000eb600000)
  to   space 13312K, 0% used [0x00000000efb00000,0x00000000efb00000,0x00000000f0800000)
 ParOldGen       total 53760K, used 14398K [0x00000000a1000000, 0x00000000a4480000, 0x00000000e0580000)
  object space 53760K, 26% used [0x00000000a1000000,0x00000000a1e0f990,0x00000000a4480000)
 Metaspace       used 34859K, capacity 35228K, committed 35456K, reserved 1081344K
  class space    used 4350K, capacity 4455K, committed 4480K, reserved 1048576K

